<?xml version="1.0" encoding="UTF-8"?>
<testng-results ignored="0" total="1" passed="1" failed="0" skipped="0">
  <reporter-output>
  </reporter-output>
  <suite started-at="2022-12-04T23:26:59 IST" name="Suite" finished-at="2022-12-04T23:27:09 IST" duration-ms="10077">
    <groups>
      <group name="cucumber">
        <method signature="AbstractTestNGCucumberTests.runScenario(io.cucumber.testng.PickleWrapper,io.cucumber.testng.FeatureWrapper)[pri:0, instance:in.swiggy.testscripts.TestRunner@55b699ef]" name="runScenario" class="io.cucumber.testng.AbstractTestNGCucumberTests"/>
      </group> <!-- cucumber -->
    </groups>
    <test started-at="2022-12-04T23:26:59 IST" name="Test" finished-at="2022-12-04T23:27:09 IST" duration-ms="10077">
      <class name="in.swiggy.testscripts.TestRunner">
        <test-method is-config="true" signature="setUpClass(org.testng.ITestContext)[pri:0, instance:in.swiggy.testscripts.TestRunner@55b699ef]" started-at="2022-12-04T23:26:59 IST" name="setUpClass" finished-at="2022-12-04T23:26:59 IST" duration-ms="154" status="PASS">
          <params>
            <param index="0">
              <value>
                <![CDATA[org.testng.TestRunner@26dc9bd5]]>
              </value>
            </param>
          </params>
          <reporter-output>
          </reporter-output>
        </test-method> <!-- setUpClass -->
        <test-method signature="runScenario(io.cucumber.testng.PickleWrapper,io.cucumber.testng.FeatureWrapper)[pri:0, instance:in.swiggy.testscripts.TestRunner@55b699ef]" started-at="2022-12-04T23:26:59 IST" name="runScenario" description="Runs Cucumber Scenarios" data-provider="scenarios" finished-at="2022-12-04T23:27:09 IST" duration-ms="9895" status="PASS">
          <params>
            <param index="0">
              <value>
                <![CDATA["A user should be able to order food from Swiggy website successfully"]]>
              </value>
            </param>
            <param index="1">
              <value>
                <![CDATA["Order food from Swiggy website"]]>
              </value>
            </param>
          </params>
          <reporter-output>
          </reporter-output>
        </test-method> <!-- runScenario -->
        <test-method is-config="true" signature="tearDownClass()[pri:0, instance:in.swiggy.testscripts.TestRunner@55b699ef]" started-at="2022-12-04T23:27:09 IST" name="tearDownClass" finished-at="2022-12-04T23:27:09 IST" duration-ms="6" status="PASS">
          <reporter-output>
          </reporter-output>
        </test-method> <!-- tearDownClass -->
      </class> <!-- in.swiggy.testscripts.TestRunner -->
    </test> <!-- Test -->
  </suite> <!-- Suite -->
</testng-results>
