<?xml version="1.0" encoding="UTF-8"?>
<testng-results ignored="0" total="1" passed="1" failed="0" skipped="0">
  <reporter-output>
  </reporter-output>
  <suite started-at="2022-12-04T18:32:12 IST" name="Default suite" finished-at="2022-12-04T18:32:22 IST" duration-ms="9926">
    <groups>
    </groups>
    <test started-at="2022-12-04T18:32:12 IST" name="Default test" finished-at="2022-12-04T18:32:22 IST" duration-ms="9926">
      <class name="testscripts.OrderFoodTest">
        <test-method is-config="true" signature="launchApplication()[pri:0, instance:testscripts.OrderFoodTest@78b66d36]" started-at="2022-12-04T18:32:12 IST" name="launchApplication" finished-at="2022-12-04T18:32:16 IST" duration-ms="3718" status="PASS">
          <reporter-output>
          </reporter-output>
        </test-method> <!-- launchApplication -->
        <test-method signature="orderFoodBangalore()[pri:0, instance:testscripts.OrderFoodTest@78b66d36]" started-at="2022-12-04T18:32:16 IST" name="orderFoodBangalore" finished-at="2022-12-04T18:32:22 IST" duration-ms="6065" status="PASS">
          <reporter-output>
          </reporter-output>
        </test-method> <!-- orderFoodBangalore -->
        <test-method is-config="true" signature="closeBrowser()[pri:0, instance:testscripts.OrderFoodTest@78b66d36]" started-at="2022-12-04T18:32:22 IST" name="closeBrowser" finished-at="2022-12-04T18:32:22 IST" duration-ms="124" status="PASS">
          <reporter-output>
          </reporter-output>
        </test-method> <!-- closeBrowser -->
      </class> <!-- testscripts.OrderFoodTest -->
    </test> <!-- Default test -->
  </suite> <!-- Default suite -->
</testng-results>
